<?xml version="1.0" encoding="UTF-8"?>
<testng-results ignored="0" total="9" passed="9" failed="0" skipped="0">
  <reporter-output>
  </reporter-output>
  <suite started-at="2025-08-28T16:09:57 IST" name="Suite" finished-at="2025-08-28T16:10:54 IST" duration-ms="57637">
    <groups>
    </groups>
    <test started-at="2025-08-28T16:09:57 IST" name="Test" finished-at="2025-08-28T16:10:54 IST" duration-ms="57637">
      <class name="ques5.test1">
        <test-method is-config="true" signature="setupReport()[pri:0, instance:ques5.test1@7770f470]" started-at="2025-08-28T16:10:28 IST" name="setupReport" finished-at="2025-08-28T16:10:28 IST" duration-ms="1" status="PASS">
          <reporter-output>
          </reporter-output>
        </test-method> <!-- setupReport -->
        <test-method is-config="true" signature="setUp()[pri:0, instance:ques5.test1@7770f470]" started-at="2025-08-28T16:10:28 IST" name="setUp" finished-at="2025-08-28T16:10:29 IST" duration-ms="976" status="PASS">
          <reporter-output>
          </reporter-output>
        </test-method> <!-- setUp -->
        <test-method signature="f()[pri:0, instance:ques5.test1@7770f470]" started-at="2025-08-28T16:10:29 IST" name="f" finished-at="2025-08-28T16:10:34 IST" duration-ms="5074" status="PASS">
          <reporter-output>
          </reporter-output>
        </test-method> <!-- f -->
        <test-method is-config="true" signature="tearDown()[pri:0, instance:ques5.test1@7770f470]" started-at="2025-08-28T16:10:34 IST" name="tearDown" finished-at="2025-08-28T16:10:34 IST" duration-ms="253" status="PASS">
          <reporter-output>
          </reporter-output>
        </test-method> <!-- tearDown -->
        <test-method is-config="true" signature="closeReport()[pri:0, instance:ques5.test1@7770f470]" started-at="2025-08-28T16:10:34 IST" name="closeReport" finished-at="2025-08-28T16:10:34 IST" duration-ms="27" status="PASS">
          <reporter-output>
          </reporter-output>
        </test-method> <!-- closeReport -->
      </class> <!-- ques5.test1 -->
      <class name="ques2.test1">
        <test-method is-config="true" signature="setupReport()[pri:0, instance:ques2.test1@544fa968]" started-at="2025-08-28T16:10:03 IST" name="setupReport" finished-at="2025-08-28T16:10:03 IST" duration-ms="0" status="PASS">
          <reporter-output>
          </reporter-output>
        </test-method> <!-- setupReport -->
        <test-method is-config="true" signature="setUp()[pri:0, instance:ques2.test1@544fa968]" started-at="2025-08-28T16:10:03 IST" name="setUp" finished-at="2025-08-28T16:10:04 IST" duration-ms="1022" status="PASS">
          <reporter-output>
          </reporter-output>
        </test-method> <!-- setUp -->
        <test-method signature="f()[pri:0, instance:ques2.test1@544fa968]" started-at="2025-08-28T16:10:04 IST" name="f" finished-at="2025-08-28T16:10:09 IST" duration-ms="4906" status="PASS">
          <reporter-output>
          </reporter-output>
        </test-method> <!-- f -->
        <test-method is-config="true" signature="tearDown()[pri:0, instance:ques2.test1@544fa968]" started-at="2025-08-28T16:10:09 IST" name="tearDown" finished-at="2025-08-28T16:10:09 IST" duration-ms="245" status="PASS">
          <reporter-output>
          </reporter-output>
        </test-method> <!-- tearDown -->
        <test-method is-config="true" signature="closeReport()[pri:0, instance:ques2.test1@544fa968]" started-at="2025-08-28T16:10:09 IST" name="closeReport" finished-at="2025-08-28T16:10:09 IST" duration-ms="34" status="PASS">
          <reporter-output>
          </reporter-output>
        </test-method> <!-- closeReport -->
      </class> <!-- ques2.test1 -->
      <class name="ques7.test1">
        <test-method is-config="true" signature="setupReport()[pri:0, instance:ques7.test1@24313fcc]" started-at="2025-08-28T16:10:39 IST" name="setupReport" finished-at="2025-08-28T16:10:39 IST" duration-ms="0" status="PASS">
          <reporter-output>
          </reporter-output>
        </test-method> <!-- setupReport -->
        <test-method is-config="true" signature="setUp()[pri:0, instance:ques7.test1@24313fcc]" started-at="2025-08-28T16:10:39 IST" name="setUp" finished-at="2025-08-28T16:10:40 IST" duration-ms="952" status="PASS">
          <reporter-output>
          </reporter-output>
        </test-method> <!-- setUp -->
        <test-method signature="f()[pri:0, instance:ques7.test1@24313fcc]" started-at="2025-08-28T16:10:40 IST" name="f" finished-at="2025-08-28T16:10:45 IST" duration-ms="5283" status="PASS">
          <reporter-output>
          </reporter-output>
        </test-method> <!-- f -->
        <test-method is-config="true" signature="tearDown()[pri:0, instance:ques7.test1@24313fcc]" started-at="2025-08-28T16:10:45 IST" name="tearDown" finished-at="2025-08-28T16:10:46 IST" duration-ms="247" status="PASS">
          <reporter-output>
          </reporter-output>
        </test-method> <!-- tearDown -->
        <test-method is-config="true" signature="closeReport()[pri:0, instance:ques7.test1@24313fcc]" started-at="2025-08-28T16:10:46 IST" name="closeReport" finished-at="2025-08-28T16:10:46 IST" duration-ms="32" status="PASS">
          <reporter-output>
          </reporter-output>
        </test-method> <!-- closeReport -->
      </class> <!-- ques7.test1 -->
      <class name="ques9.test1">
        <test-method is-config="true" signature="setupReport()[pri:0, instance:ques9.test1@77f1baf5]" started-at="2025-08-28T16:10:52 IST" name="setupReport" finished-at="2025-08-28T16:10:52 IST" duration-ms="0" status="PASS">
          <reporter-output>
          </reporter-output>
        </test-method> <!-- setupReport -->
        <test-method is-config="true" signature="setUp()[pri:0, instance:ques9.test1@77f1baf5]" started-at="2025-08-28T16:10:52 IST" name="setUp" finished-at="2025-08-28T16:10:53 IST" duration-ms="987" status="PASS">
          <reporter-output>
          </reporter-output>
        </test-method> <!-- setUp -->
        <test-method signature="f()[pri:0, instance:ques9.test1@77f1baf5]" started-at="2025-08-28T16:10:53 IST" name="f" finished-at="2025-08-28T16:10:54 IST" duration-ms="1544" status="PASS">
          <reporter-output>
          </reporter-output>
        </test-method> <!-- f -->
        <test-method is-config="true" signature="tearDown()[pri:0, instance:ques9.test1@77f1baf5]" started-at="2025-08-28T16:10:54 IST" name="tearDown" finished-at="2025-08-28T16:10:54 IST" duration-ms="248" status="PASS">
          <reporter-output>
          </reporter-output>
        </test-method> <!-- tearDown -->
        <test-method is-config="true" signature="closeReport()[pri:0, instance:ques9.test1@77f1baf5]" started-at="2025-08-28T16:10:54 IST" name="closeReport" finished-at="2025-08-28T16:10:54 IST" duration-ms="11" status="PASS">
          <reporter-output>
          </reporter-output>
        </test-method> <!-- closeReport -->
      </class> <!-- ques9.test1 -->
      <class name="ques6.test1">
        <test-method is-config="true" signature="setupReport()[pri:0, instance:ques6.test1@5e5d171f]" started-at="2025-08-28T16:10:34 IST" name="setupReport" finished-at="2025-08-28T16:10:34 IST" duration-ms="0" status="PASS">
          <reporter-output>
          </reporter-output>
        </test-method> <!-- setupReport -->
        <test-method is-config="true" signature="setUp()[pri:0, instance:ques6.test1@5e5d171f]" started-at="2025-08-28T16:10:34 IST" name="setUp" finished-at="2025-08-28T16:10:35 IST" duration-ms="1053" status="PASS">
          <reporter-output>
          </reporter-output>
        </test-method> <!-- setUp -->
        <test-method signature="f()[pri:0, instance:ques6.test1@5e5d171f]" started-at="2025-08-28T16:10:35 IST" name="f" finished-at="2025-08-28T16:10:39 IST" duration-ms="3980" status="PASS">
          <reporter-output>
          </reporter-output>
        </test-method> <!-- f -->
        <test-method is-config="true" signature="tearDown()[pri:0, instance:ques6.test1@5e5d171f]" started-at="2025-08-28T16:10:39 IST" name="tearDown" finished-at="2025-08-28T16:10:39 IST" duration-ms="235" status="PASS">
          <reporter-output>
          </reporter-output>
        </test-method> <!-- tearDown -->
        <test-method is-config="true" signature="closeReport()[pri:0, instance:ques6.test1@5e5d171f]" started-at="2025-08-28T16:10:39 IST" name="closeReport" finished-at="2025-08-28T16:10:39 IST" duration-ms="32" status="PASS">
          <reporter-output>
          </reporter-output>
        </test-method> <!-- closeReport -->
      </class> <!-- ques6.test1 -->
      <class name="ques3.test1">
        <test-method is-config="true" signature="setUp()[pri:0, instance:ques3.test1@247bddad]" started-at="2025-08-28T16:10:09 IST" name="setUp" finished-at="2025-08-28T16:10:10 IST" duration-ms="962" status="PASS">
          <reporter-output>
          </reporter-output>
        </test-method> <!-- setUp -->
        <test-method is-config="true" signature="setupReport()[pri:0, instance:ques3.test1@247bddad]" started-at="2025-08-28T16:10:09 IST" name="setupReport" finished-at="2025-08-28T16:10:09 IST" duration-ms="0" status="PASS">
          <reporter-output>
          </reporter-output>
        </test-method> <!-- setupReport -->
        <test-method signature="f()[pri:0, instance:ques3.test1@247bddad]" started-at="2025-08-28T16:10:10 IST" name="f" finished-at="2025-08-28T16:10:25 IST" duration-ms="14934" status="PASS">
          <reporter-output>
          </reporter-output>
        </test-method> <!-- f -->
        <test-method is-config="true" signature="tearDown()[pri:0, instance:ques3.test1@247bddad]" started-at="2025-08-28T16:10:25 IST" name="tearDown" finished-at="2025-08-28T16:10:26 IST" duration-ms="372" status="PASS">
          <reporter-output>
          </reporter-output>
        </test-method> <!-- tearDown -->
        <test-method is-config="true" signature="closeReport()[pri:0, instance:ques3.test1@247bddad]" started-at="2025-08-28T16:10:26 IST" name="closeReport" finished-at="2025-08-28T16:10:26 IST" duration-ms="37" status="PASS">
          <reporter-output>
          </reporter-output>
        </test-method> <!-- closeReport -->
      </class> <!-- ques3.test1 -->
      <class name="ques4.test1">
        <test-method is-config="true" signature="setupReport()[pri:0, instance:ques4.test1@d35dea7]" started-at="2025-08-28T16:10:26 IST" name="setupReport" finished-at="2025-08-28T16:10:26 IST" duration-ms="0" status="PASS">
          <reporter-output>
          </reporter-output>
        </test-method> <!-- setupReport -->
        <test-method is-config="true" signature="setUp()[pri:0, instance:ques4.test1@d35dea7]" started-at="2025-08-28T16:10:26 IST" name="setUp" finished-at="2025-08-28T16:10:27 IST" duration-ms="998" status="PASS">
          <reporter-output>
          </reporter-output>
        </test-method> <!-- setUp -->
        <test-method signature="f()[pri:0, instance:ques4.test1@d35dea7]" started-at="2025-08-28T16:10:27 IST" name="f" finished-at="2025-08-28T16:10:27 IST" duration-ms="686" status="PASS">
          <reporter-output>
          </reporter-output>
        </test-method> <!-- f -->
        <test-method is-config="true" signature="tearDown()[pri:0, instance:ques4.test1@d35dea7]" started-at="2025-08-28T16:10:27 IST" name="tearDown" finished-at="2025-08-28T16:10:28 IST" duration-ms="261" status="PASS">
          <reporter-output>
          </reporter-output>
        </test-method> <!-- tearDown -->
        <test-method is-config="true" signature="closeReport()[pri:0, instance:ques4.test1@d35dea7]" started-at="2025-08-28T16:10:28 IST" name="closeReport" finished-at="2025-08-28T16:10:28 IST" duration-ms="17" status="PASS">
          <reporter-output>
          </reporter-output>
        </test-method> <!-- closeReport -->
      </class> <!-- ques4.test1 -->
      <class name="ques1.test1">
        <test-method is-config="true" signature="setupReport()[pri:0, instance:ques1.test1@7c6908d7]" started-at="2025-08-28T16:09:57 IST" name="setupReport" finished-at="2025-08-28T16:09:57 IST" duration-ms="578" status="PASS">
          <reporter-output>
          </reporter-output>
        </test-method> <!-- setupReport -->
        <test-method is-config="true" signature="setUp()[pri:0, instance:ques1.test1@7c6908d7]" started-at="2025-08-28T16:09:57 IST" name="setUp" finished-at="2025-08-28T16:10:00 IST" duration-ms="2366" status="PASS">
          <reporter-output>
          </reporter-output>
        </test-method> <!-- setUp -->
        <test-method is-config="true" signature="BeforeMethod()[pri:0, instance:ques1.test1@7c6908d7]" started-at="2025-08-28T16:10:00 IST" name="BeforeMethod" finished-at="2025-08-28T16:10:01 IST" duration-ms="1040" status="PASS">
          <reporter-output>
          </reporter-output>
        </test-method> <!-- BeforeMethod -->
        <test-method signature="f()[pri:0, instance:ques1.test1@7c6908d7]" started-at="2025-08-28T16:10:01 IST" name="f" finished-at="2025-08-28T16:10:02 IST" duration-ms="1221" status="PASS">
          <reporter-output>
          </reporter-output>
        </test-method> <!-- f -->
        <test-method is-config="true" signature="AfterMethod()[pri:0, instance:ques1.test1@7c6908d7]" started-at="2025-08-28T16:10:02 IST" name="AfterMethod" finished-at="2025-08-28T16:10:02 IST" duration-ms="266" status="PASS">
          <reporter-output>
          </reporter-output>
        </test-method> <!-- AfterMethod -->
        <test-method is-config="true" signature="tearDown()[pri:0, instance:ques1.test1@7c6908d7]" started-at="2025-08-28T16:10:02 IST" name="tearDown" finished-at="2025-08-28T16:10:03 IST" duration-ms="295" status="PASS">
          <reporter-output>
          </reporter-output>
        </test-method> <!-- tearDown -->
        <test-method is-config="true" signature="closeReport()[pri:0, instance:ques1.test1@7c6908d7]" started-at="2025-08-28T16:10:03 IST" name="closeReport" finished-at="2025-08-28T16:10:03 IST" duration-ms="438" status="PASS">
          <reporter-output>
          </reporter-output>
        </test-method> <!-- closeReport -->
      </class> <!-- ques1.test1 -->
      <class name="ques8.test1">
        <test-method is-config="true" signature="setupReport()[pri:0, instance:ques8.test1@7d20d0b]" started-at="2025-08-28T16:10:46 IST" name="setupReport" finished-at="2025-08-28T16:10:46 IST" duration-ms="0" status="PASS">
          <reporter-output>
          </reporter-output>
        </test-method> <!-- setupReport -->
        <test-method is-config="true" signature="setUp()[pri:0, instance:ques8.test1@7d20d0b]" started-at="2025-08-28T16:10:46 IST" name="setUp" finished-at="2025-08-28T16:10:47 IST" duration-ms="988" status="PASS">
          <reporter-output>
          </reporter-output>
        </test-method> <!-- setUp -->
        <test-method signature="f()[pri:0, instance:ques8.test1@7d20d0b]" started-at="2025-08-28T16:10:47 IST" name="f" finished-at="2025-08-28T16:10:51 IST" duration-ms="4560" status="PASS">
          <reporter-output>
          </reporter-output>
        </test-method> <!-- f -->
        <test-method is-config="true" signature="tearDown()[pri:0, instance:ques8.test1@7d20d0b]" started-at="2025-08-28T16:10:51 IST" name="tearDown" finished-at="2025-08-28T16:10:52 IST" duration-ms="263" status="PASS">
          <reporter-output>
          </reporter-output>
        </test-method> <!-- tearDown -->
        <test-method is-config="true" signature="closeReport()[pri:0, instance:ques8.test1@7d20d0b]" started-at="2025-08-28T16:10:52 IST" name="closeReport" finished-at="2025-08-28T16:10:52 IST" duration-ms="34" status="PASS">
          <reporter-output>
          </reporter-output>
        </test-method> <!-- closeReport -->
      </class> <!-- ques8.test1 -->
    </test> <!-- Test -->
  </suite> <!-- Suite -->
</testng-results>
