<?xml version="1.0" encoding="UTF-8"?>
<testng-results ignored="0" total="2" passed="2" failed="0" skipped="0">
  <reporter-output>
    <line>
      <![CDATA[BeforeClass executed]]>
    </line>
    <line>
      <![CDATA[Browser launched and maximized]]>
    </line>
    <line>
      <![CDATA[Starting test with sort index: 1 and product: Mac (1)]]>
    </line>
    <line>
      <![CDATA[Navigated to homepage]]>
    </line>
    <line>
      <![CDATA[Clicked on Desktops link]]>
    </line>
    <line>
      <![CDATA[Selected product: Mac (1)]]>
    </line>
    <line>
      <![CDATA[Sorted products using index: 1]]>
    </line>
    <line>
      <![CDATA[Clicked on Add to Cart button]]>
    </line>
    <line>
      <![CDATA[Test completed successfully for product: Mac (1)]]>
    </line>
    <line>
      <![CDATA[Browser closed]]>
    </line>
    <line>
      <![CDATA[Browser launched and maximized]]>
    </line>
    <line>
      <![CDATA[Starting test with sort index: 2 and product: Mac (1)]]>
    </line>
    <line>
      <![CDATA[Navigated to homepage]]>
    </line>
    <line>
      <![CDATA[Clicked on Desktops link]]>
    </line>
    <line>
      <![CDATA[Selected product: Mac (1)]]>
    </line>
    <line>
      <![CDATA[Sorted products using index: 2]]>
    </line>
    <line>
      <![CDATA[Clicked on Add to Cart button]]>
    </line>
    <line>
      <![CDATA[Test completed successfully for product: Mac (1)]]>
    </line>
    <line>
      <![CDATA[Browser closed]]>
    </line>
    <line>
      <![CDATA[AfterClass executed]]>
    </line>
  </reporter-output>
  <suite started-at="2025-08-18T16:45:00 IST" name="Default suite" finished-at="2025-08-18T16:45:09 IST" duration-ms="8956">
    <groups>
    </groups>
    <test started-at="2025-08-18T16:45:00 IST" name="Default test" finished-at="2025-08-18T16:45:09 IST" duration-ms="8956">
      <class name="Selenium.Lab_8_1">
        <test-method is-config="true" signature="beforeSuite()[pri:0, instance:Selenium.Lab_8_1@b2c9a9c]" started-at="2025-08-18T16:45:00 IST" name="beforeSuite" finished-at="2025-08-18T16:45:00 IST" duration-ms="13" status="PASS">
          <reporter-output>
          </reporter-output>
        </test-method> <!-- beforeSuite -->
        <test-method is-config="true" signature="beforeTest()[pri:0, instance:Selenium.Lab_8_1@b2c9a9c]" started-at="2025-08-18T16:45:00 IST" name="beforeTest" finished-at="2025-08-18T16:45:00 IST" duration-ms="1" status="PASS">
          <reporter-output>
          </reporter-output>
        </test-method> <!-- beforeTest -->
        <test-method is-config="true" signature="beforeClass()[pri:0, instance:Selenium.Lab_8_1@b2c9a9c]" started-at="2025-08-18T16:45:01 IST" name="beforeClass" finished-at="2025-08-18T16:45:01 IST" duration-ms="1" status="PASS">
          <reporter-output>
            <line>
              <![CDATA[BeforeClass executed]]>
            </line>
          </reporter-output>
        </test-method> <!-- beforeClass -->
        <test-method is-config="true" signature="beforeMethod()[pri:0, instance:Selenium.Lab_8_1@b2c9a9c]" started-at="2025-08-18T16:45:01 IST" name="beforeMethod" finished-at="2025-08-18T16:45:03 IST" duration-ms="2341" status="PASS">
          <reporter-output>
            <line>
              <![CDATA[Browser launched and maximized]]>
            </line>
          </reporter-output>
        </test-method> <!-- beforeMethod -->
        <test-method signature="f(java.lang.Integer,java.lang.String)[pri:0, instance:Selenium.Lab_8_1@b2c9a9c]" started-at="2025-08-18T16:45:03 IST" name="f" data-provider="dp" finished-at="2025-08-18T16:45:06 IST" duration-ms="3130" status="PASS">
          <params>
            <param index="0">
              <value>
                <![CDATA[1]]>
              </value>
            </param>
            <param index="1">
              <value>
                <![CDATA[Mac (1)]]>
              </value>
            </param>
          </params>
          <reporter-output>
            <line>
              <![CDATA[Starting test with sort index: 1 and product: Mac (1)]]>
            </line>
            <line>
              <![CDATA[Navigated to homepage]]>
            </line>
            <line>
              <![CDATA[Clicked on Desktops link]]>
            </line>
            <line>
              <![CDATA[Selected product: Mac (1)]]>
            </line>
            <line>
              <![CDATA[Sorted products using index: 1]]>
            </line>
            <line>
              <![CDATA[Clicked on Add to Cart button]]>
            </line>
            <line>
              <![CDATA[Test completed successfully for product: Mac (1)]]>
            </line>
          </reporter-output>
        </test-method> <!-- f -->
        <test-method is-config="true" signature="afterMethod()[pri:0, instance:Selenium.Lab_8_1@b2c9a9c]" started-at="2025-08-18T16:45:06 IST" name="afterMethod" finished-at="2025-08-18T16:45:06 IST" duration-ms="236" status="PASS">
          <reporter-output>
            <line>
              <![CDATA[Browser closed]]>
            </line>
          </reporter-output>
        </test-method> <!-- afterMethod -->
        <test-method is-config="true" signature="beforeMethod()[pri:0, instance:Selenium.Lab_8_1@b2c9a9c]" started-at="2025-08-18T16:45:06 IST" name="beforeMethod" finished-at="2025-08-18T16:45:07 IST" duration-ms="855" status="PASS">
          <reporter-output>
            <line>
              <![CDATA[Browser launched and maximized]]>
            </line>
          </reporter-output>
        </test-method> <!-- beforeMethod -->
        <test-method signature="f(java.lang.Integer,java.lang.String)[pri:0, instance:Selenium.Lab_8_1@b2c9a9c]" started-at="2025-08-18T16:45:07 IST" name="f" data-provider="dp" finished-at="2025-08-18T16:45:09 IST" duration-ms="2123" status="PASS">
          <params>
            <param index="0">
              <value>
                <![CDATA[2]]>
              </value>
            </param>
            <param index="1">
              <value>
                <![CDATA[Mac (1)]]>
              </value>
            </param>
          </params>
          <reporter-output>
            <line>
              <![CDATA[Starting test with sort index: 2 and product: Mac (1)]]>
            </line>
            <line>
              <![CDATA[Navigated to homepage]]>
            </line>
            <line>
              <![CDATA[Clicked on Desktops link]]>
            </line>
            <line>
              <![CDATA[Selected product: Mac (1)]]>
            </line>
            <line>
              <![CDATA[Sorted products using index: 2]]>
            </line>
            <line>
              <![CDATA[Clicked on Add to Cart button]]>
            </line>
            <line>
              <![CDATA[Test completed successfully for product: Mac (1)]]>
            </line>
          </reporter-output>
        </test-method> <!-- f -->
        <test-method is-config="true" signature="afterMethod()[pri:0, instance:Selenium.Lab_8_1@b2c9a9c]" started-at="2025-08-18T16:45:09 IST" name="afterMethod" finished-at="2025-08-18T16:45:09 IST" duration-ms="200" status="PASS">
          <reporter-output>
            <line>
              <![CDATA[Browser closed]]>
            </line>
          </reporter-output>
        </test-method> <!-- afterMethod -->
        <test-method is-config="true" signature="afterClass()[pri:0, instance:Selenium.Lab_8_1@b2c9a9c]" started-at="2025-08-18T16:45:09 IST" name="afterClass" finished-at="2025-08-18T16:45:09 IST" duration-ms="1" status="PASS">
          <reporter-output>
            <line>
              <![CDATA[AfterClass executed]]>
            </line>
          </reporter-output>
        </test-method> <!-- afterClass -->
        <test-method is-config="true" signature="afterTest()[pri:0, instance:Selenium.Lab_8_1@b2c9a9c]" started-at="2025-08-18T16:45:09 IST" name="afterTest" finished-at="2025-08-18T16:45:09 IST" duration-ms="1" status="PASS">
          <reporter-output>
          </reporter-output>
        </test-method> <!-- afterTest -->
        <test-method is-config="true" signature="afterSuite()[pri:0, instance:Selenium.Lab_8_1@b2c9a9c]" started-at="2025-08-18T16:45:09 IST" name="afterSuite" finished-at="2025-08-18T16:45:09 IST" duration-ms="2" status="PASS">
          <reporter-output>
          </reporter-output>
        </test-method> <!-- afterSuite -->
      </class> <!-- Selenium.Lab_8_1 -->
    </test> <!-- Default test -->
  </suite> <!-- Default suite -->
</testng-results>
