<?xml version="1.0" encoding="UTF-8"?>
<!-- Generated by org.testng.reporters.JUnitXMLReporter -->
<testsuite ignored="0" hostname="Aravind" failures="0" tests="9" name="Test" time="57.637" errors="0" timestamp="2025-08-28T16:10:54 IST">
  <testcase classname="ques1.test1" name="f" time="1.221"/>
  <testcase classname="ques2.test1" name="f" time="4.906"/>
  <testcase classname="ques3.test1" name="f" time="14.934"/>
  <testcase classname="ques4.test1" name="f" time="0.686"/>
  <testcase classname="ques5.test1" name="f" time="5.074"/>
  <testcase classname="ques6.test1" name="f" time="3.98"/>
  <testcase classname="ques7.test1" name="f" time="5.283"/>
  <testcase classname="ques8.test1" name="f" time="4.56"/>
  <testcase classname="ques9.test1" name="f" time="1.544"/>
</testsuite> <!-- Test -->
